<?xml version="1.0" encoding="UTF-8"?>
<!-- Generated by org.testng.reporters.JUnitReportReporter -->
<testsuite skipped="0" hostname="TP6VDIDEVTCM058" name="Demo.LaunchURL" tests="1" failures="0" timestamp="21 Jun 2018 06:41:10 GMT" time="0.016" errors="0">
  <testcase name="printMesg" time="0.016" classname="Demo.LaunchURL"/>
</testsuite> <!-- Demo.LaunchURL -->
